Using pre-set license
Built from '2021.3/staging' branch; Version is '2021.3.8f1 (b30333d56e81) revision 11731763'; Using compiler version '192829333'; Build Type 'Release'
OS: 'Windows 11  (10.0.22621) 64bit Professional' Language: 'da' Physical Memory: 16295 MB
BatchMode: 1, IsHumanControllingUs: 0, StartBugReporterOnCrash: 0, Is64bit: 1, IsPro: 1

COMMAND LINE ARGUMENTS:
C:\Program Files\Unity\Hub\Editor\2021.3.8f1\Editor\Unity.exe
-adb2
-batchMode
-noUpm
-name
AssetImportWorker0
-projectPath
C:/Users/Navn/Homework/4 lektier/pokemon rigging and inverse kinematics
-logFile
Logs/AssetImportWorker0.log
-srvPort
49534
Successfully changed project path to: C:/Users/Navn/Homework/4 lektier/pokemon rigging and inverse kinematics
C:/Users/Navn/Homework/4 lektier/pokemon rigging and inverse kinematics
[UnityMemory] Configuration Parameters - Can be set up in boot.config
    "memorysetup-bucket-allocator-granularity=16"
    "memorysetup-bucket-allocator-bucket-count=8"
    "memorysetup-bucket-allocator-block-size=33554432"
    "memorysetup-bucket-allocator-block-count=8"
    "memorysetup-main-allocator-block-size=16777216"
    "memorysetup-thread-allocator-block-size=16777216"
    "memorysetup-gfx-main-allocator-block-size=16777216"
    "memorysetup-gfx-thread-allocator-block-size=16777216"
    "memorysetup-cache-allocator-block-size=4194304"
    "memorysetup-typetree-allocator-block-size=2097152"
    "memorysetup-profiler-bucket-allocator-granularity=16"
    "memorysetup-profiler-bucket-allocator-bucket-count=8"
    "memorysetup-profiler-bucket-allocator-block-size=33554432"
    "memorysetup-profiler-bucket-allocator-block-count=8"
    "memorysetup-profiler-allocator-block-size=16777216"
    "memorysetup-profiler-editor-allocator-block-size=1048576"
    "memorysetup-temp-allocator-size-main=16777216"
    "memorysetup-job-temp-allocator-block-size=2097152"
    "memorysetup-job-temp-allocator-block-size-background=1048576"
    "memorysetup-job-temp-allocator-reduction-small-platforms=262144"
    "memorysetup-temp-allocator-size-background-worker=32768"
    "memorysetup-temp-allocator-size-job-worker=262144"
    "memorysetup-temp-allocator-size-preload-manager=33554432"
    "memorysetup-temp-allocator-size-nav-mesh-worker=65536"
    "memorysetup-temp-allocator-size-audio-worker=65536"
    "memorysetup-temp-allocator-size-cloud-worker=32768"
    "memorysetup-temp-allocator-size-gi-baking-worker=262144"
    "memorysetup-temp-allocator-size-gfx=262144"
Refreshing native plugins compatible for Editor in 106.14 ms, found 4 plugins.
Preloading 0 native plugins for Editor in 0.00 ms.
Initialize engine version: 2021.3.8f1 (b30333d56e81)
[Subsystems] Discovering subsystems at path C:/Program Files/Unity/Hub/Editor/2021.3.8f1/Editor/Data/Resources/UnitySubsystems
[Subsystems] Discovering subsystems at path C:/Users/Navn/Homework/4 lektier/pokemon rigging and inverse kinematics/Assets
GfxDevice: creating device client; threaded=0; jobified=0
Direct3D:
    Version:  Direct3D 11.0 [level 11.1]
    Renderer: NVIDIA GeForce GTX 1660 Ti (ID=0x2191)
    Vendor:   NVIDIA
    VRAM:     5991 MB
    Driver:   27.21.14.5749
Initialize mono
Mono path[0] = 'C:/Program Files/Unity/Hub/Editor/2021.3.8f1/Editor/Data/Managed'
Mono path[1] = 'C:/Program Files/Unity/Hub/Editor/2021.3.8f1/Editor/Data/MonoBleedingEdge/lib/mono/unityjit-win32'
Mono config path = 'C:/Program Files/Unity/Hub/Editor/2021.3.8f1/Editor/Data/MonoBleedingEdge/etc'
Using monoOptions --debugger-agent=transport=dt_socket,embedding=1,server=y,suspend=n,address=127.0.0.1:56684
Begin MonoManager ReloadAssembly
Registering precompiled unity dll's ...
Register platform support module: C:/Program Files/Unity/Hub/Editor/2021.3.8f1/Editor/Data/PlaybackEngines/WebGLSupport/UnityEditor.WebGL.Extensions.dll
Register platform support module: C:/Program Files/Unity/Hub/Editor/2021.3.8f1/Editor/Data/PlaybackEngines/WindowsStandaloneSupport/UnityEditor.WindowsStandalone.Extensions.dll
Registered in 0.006213 seconds.
Native extension for WindowsStandalone target not found
Native extension for WebGL target not found
Refreshing native plugins compatible for Editor in 91.83 ms, found 4 plugins.
Preloading 0 native plugins for Editor in 0.00 ms.
Mono: successfully reloaded assembly
- Completed reload, in  0.715 seconds
Domain Reload Profiling:
	ReloadAssembly (715ms)
		BeginReloadAssembly (87ms)
			ExecutionOrderSort (0ms)
			DisableScriptedObjects (0ms)
			BackupInstance (0ms)
			ReleaseScriptingObjects (0ms)
			CreateAndSetChildDomain (1ms)
		EndReloadAssembly (507ms)
			LoadAssemblies (85ms)
			RebuildTransferFunctionScriptingTraits (0ms)
			SetupTypeCache (116ms)
			ReleaseScriptCaches (0ms)
			RebuildScriptCaches (31ms)
			SetupLoadedEditorAssemblies (301ms)
				LogAssemblyErrors (0ms)
				InitializePlatformSupportModulesInManaged (10ms)
				SetLoadedEditorAssemblies (0ms)
				RefreshPlugins (92ms)
				BeforeProcessingInitializeOnLoad (1ms)
				ProcessInitializeOnLoadAttributes (149ms)
				ProcessInitializeOnLoadMethodAttributes (49ms)
				AfterProcessingInitializeOnLoad (0ms)
				EditorAssembliesLoaded (0ms)
			ExecutionOrderSort2 (0ms)
			AwakeInstancesAfterBackupRestoration (0ms)
Platform modules already initialized, skipping
Registering precompiled user dll's ...
Registered in 0.008779 seconds.
Begin MonoManager ReloadAssembly
Symbol file LoadedFromMemory doesn't match image C:\Users\Navn\Homework\4 lektier\pokemon rigging and inverse kinematics\Library\PackageCache\com.unity.visualscripting@1.7.8\Editor\VisualScripting.Core\Dependencies\YamlDotNet\Unity.VisualScripting.YamlDotNet.dll
Symbol file LoadedFromMemory doesn't match image C:\Users\Navn\Homework\4 lektier\pokemon rigging and inverse kinematics\Library\PackageCache\com.unity.visualscripting@1.7.8\Editor\VisualScripting.Core\Dependencies\DotNetZip\Unity.VisualScripting.IonicZip.dll
Native extension for WindowsStandalone target not found
Native extension for WebGL target not found
Refreshing native plugins compatible for Editor in 98.48 ms, found 4 plugins.
Preloading 0 native plugins for Editor in 0.00 ms.
Mono: successfully reloaded assembly
- Completed reload, in  1.232 seconds
Domain Reload Profiling:
	ReloadAssembly (1233ms)
		BeginReloadAssembly (110ms)
			ExecutionOrderSort (0ms)
			DisableScriptedObjects (6ms)
			BackupInstance (0ms)
			ReleaseScriptingObjects (0ms)
			CreateAndSetChildDomain (19ms)
		EndReloadAssembly (1003ms)
			LoadAssemblies (92ms)
			RebuildTransferFunctionScriptingTraits (0ms)
			SetupTypeCache (278ms)
			ReleaseScriptCaches (1ms)
			RebuildScriptCaches (58ms)
			SetupLoadedEditorAssemblies (513ms)
				LogAssemblyErrors (0ms)
				InitializePlatformSupportModulesInManaged (6ms)
				SetLoadedEditorAssemblies (0ms)
				RefreshPlugins (99ms)
				BeforeProcessingInitializeOnLoad (102ms)
				ProcessInitializeOnLoadAttributes (254ms)
				ProcessInitializeOnLoadMethodAttributes (43ms)
				AfterProcessingInitializeOnLoad (9ms)
				EditorAssembliesLoaded (0ms)
			ExecutionOrderSort2 (0ms)
			AwakeInstancesAfterBackupRestoration (9ms)
Platform modules already initialized, skipping
========================================================================
Worker process is ready to serve import requests
Launched and connected shader compiler UnityShaderCompiler.exe after 0.06 seconds
Refreshing native plugins compatible for Editor in 0.64 ms, found 4 plugins.
Preloading 0 native plugins for Editor in 0.00 ms.
Unloading 4066 Unused Serialized files (Serialized files now loaded: 0)
Unloading 44 unused Assets / (222.4 KB). Loaded Objects now: 4516.
Memory consumption went from 151.2 MB to 151.0 MB.
Total: 4.337500 ms (FindLiveObjects: 0.310300 ms CreateObjectMapping: 0.326900 ms MarkObjects: 3.555600 ms  DeleteObjects: 0.143600 ms)

AssetImportParameters requested are different than current active one (requested -> active):
  custom:video-decoder-ogg-theora: a1e56fd34408186e4bbccfd4996cb3dc -> 
  custom:container-muxer-webm: aa71ff27fc2769a1b78a27578f13a17b -> 
  custom:container-demuxer-webm: 4f35f7cbe854078d1ac9338744f61a02 -> 
  custom:video-encoder-webm-vp8: eb34c28f22e8b96e1ab97ce403110664 -> 
  custom:audio-encoder-webm-vorbis: bf7c407c2cedff20999df2af8eb42d56 -> 
  custom:framework-win-MediaFoundation: 216162199b28c13a410421893ffa2e32 -> 
  custom:container-demuxer-ogg: 62fdf1f143b41e24485cea50d1cbac27 -> 
  custom:video-decoder-webm-vp8: 9c59270c3fd7afecdb556c50c9e8de78 -> 
  custom:audio-decoder-ogg-vorbis: bf7c407c2cedff20999df2af8eb42d56 -> 
========================================================================
Received Import Request.
  Time since last request: 69916.847126 seconds.
  path: Assets
  artifactKey: Guid(00000000000000001000000000000000) Importer(815301076,1909f56bfc062723c751e8b465ee728b)
Start importing Assets using Guid(00000000000000001000000000000000) Importer(815301076,1909f56bfc062723c751e8b465ee728b)  -> (artifact id: '79842766b460edbeab6a34051e857a80') in 0.006672 seconds 
========================================================================
Received Import Request.
  Time since last request: 1.203589 seconds.
  path: Assets/PSB
  artifactKey: Guid(04c4e57a26f54314295bc7de81273e86) Importer(815301076,1909f56bfc062723c751e8b465ee728b)
Start importing Assets/PSB using Guid(04c4e57a26f54314295bc7de81273e86) Importer(815301076,1909f56bfc062723c751e8b465ee728b)  -> (artifact id: 'e7cae130d3eadc79314b7ac35adf49f7') in 0.002533 seconds 
========================================================================
Received Import Request.
  Time since last request: 9.647753 seconds.
  path: Assets/PSD
  artifactKey: Guid(04c4e57a26f54314295bc7de81273e86) Importer(815301076,1909f56bfc062723c751e8b465ee728b)
Start importing Assets/PSD using Guid(04c4e57a26f54314295bc7de81273e86) Importer(815301076,1909f56bfc062723c751e8b465ee728b)  -> (artifact id: 'd331d55d45175e1cd31e6a8eb6765a7c') in 0.002217 seconds 
========================================================================
Received Import Request.
  Time since last request: 26.642298 seconds.
  path: Assets/PSD/Avatar PSB.psb
  artifactKey: Guid(1f621d3b1963f2344aff6ede6353a6bb) Importer(815301076,1909f56bfc062723c751e8b465ee728b)
Start importing Assets/PSD/Avatar PSB.psb using Guid(1f621d3b1963f2344aff6ede6353a6bb) Importer(815301076,1909f56bfc062723c751e8b465ee728b)  -> (artifact id: '26c807abac6b7a7c9ca474c79f279e05') in 0.251496 seconds 
========================================================================
Received Import Request.
  Time since last request: 788.183902 seconds.
  path: Assets/PSD/Avatar PSB.psb
  artifactKey: Guid(1f621d3b1963f2344aff6ede6353a6bb) Importer(815301076,1909f56bfc062723c751e8b465ee728b)
Start importing Assets/PSD/Avatar PSB.psb using Guid(1f621d3b1963f2344aff6ede6353a6bb) Importer(815301076,1909f56bfc062723c751e8b465ee728b)  -> (artifact id: '83505ed5d00fd8b6144aa2a333df43dd') in 0.073330 seconds 
========================================================================
Received Import Request.
  Time since last request: 40.961285 seconds.
  path: Assets/PSD/Avatar PSB.psb
  artifactKey: Guid(1f621d3b1963f2344aff6ede6353a6bb) Importer(815301076,1909f56bfc062723c751e8b465ee728b)
Start importing Assets/PSD/Avatar PSB.psb using Guid(1f621d3b1963f2344aff6ede6353a6bb) Importer(815301076,1909f56bfc062723c751e8b465ee728b)  -> (artifact id: '6410700ed39898909f3aeb2206b28a69') in 0.068525 seconds 
========================================================================
Received Import Request.
  Time since last request: 49.303506 seconds.
  path: Assets/PSD/Avatar PSB.psb
  artifactKey: Guid(1f621d3b1963f2344aff6ede6353a6bb) Importer(815301076,1909f56bfc062723c751e8b465ee728b)
Start importing Assets/PSD/Avatar PSB.psb using Guid(1f621d3b1963f2344aff6ede6353a6bb) Importer(815301076,1909f56bfc062723c751e8b465ee728b)  -> (artifact id: '78513b2d1b7fcf374b9a8d97b3582d23') in 0.085192 seconds 
========================================================================
Received Import Request.
  Time since last request: 54.070490 seconds.
  path: Assets/PSD/Movement.controller
  artifactKey: Guid(413393172444145469753773f9246c6e) Importer(815301076,1909f56bfc062723c751e8b465ee728b)
Start importing Assets/PSD/Movement.controller using Guid(413393172444145469753773f9246c6e) Importer(815301076,1909f56bfc062723c751e8b465ee728b)  -> (artifact id: '215305db751d1b92ec1b3d9ffec3efbb') in 0.006645 seconds 
========================================================================
Received Import Request.
  Time since last request: 7.928483 seconds.
  path: Assets/PSD/IK Movement.controller
  artifactKey: Guid(413393172444145469753773f9246c6e) Importer(815301076,1909f56bfc062723c751e8b465ee728b)
Start importing Assets/PSD/IK Movement.controller using Guid(413393172444145469753773f9246c6e) Importer(815301076,1909f56bfc062723c751e8b465ee728b)  -> (artifact id: '3dca42faa3d5c2d700b5f9ac2e4d530d') in 0.002611 seconds 
